Build started 16/04/2013 19:19:05.
     1>Project "C:\Users\Pedro\Documents\GitHub\libfacerec\libfacerec\libfacerec\libfacerec.vcxproj" on node 2 (build target(s)).
     1>InitializeBuildStatus:
         Creating "x64\Debug\libfacerec.unsuccessfulbuild" because "AlwaysCreate" was specified.
       ClCompile:
         All outputs are up-to-date.
       Lib:
         c:\Program Files\Microsoft Visual Studio 10.0\VC\bin\x86_amd64\Lib.exe /OUT:"C:\Users\Pedro\Documents\GitHub\libfacerec\libfacerec\x64\Debug\libfacerec.lib" /NOLOGO x64\Debug\colormap.obj
         x64\Debug\decomposition.obj
         x64\Debug\facerec.obj
         x64\Debug\helper.obj
         x64\Debug\lbp.obj
         x64\Debug\main.obj
         libfacerec.vcxproj -> C:\Users\Pedro\Documents\GitHub\libfacerec\libfacerec\x64\Debug\libfacerec.lib
       FinalizeBuildStatus:
         Deleting file "x64\Debug\libfacerec.unsuccessfulbuild".
         Touching "x64\Debug\libfacerec.lastbuildstate".
     1>Done Building Project "C:\Users\Pedro\Documents\GitHub\libfacerec\libfacerec\libfacerec\libfacerec.vcxproj" (build target(s)).

Build succeeded.

Time Elapsed 00:00:01.32
