Build started 16/04/2013 19:18:47.
     1>Project "C:\Users\Pedro\Documents\GitHub\libfacerec\libfacerec\libfacerec\libfacerec.vcxproj" on node 2 (build target(s)).
     1>InitializeBuildStatus:
         Creating "x64\Release\libfacerec.unsuccessfulbuild" because "AlwaysCreate" was specified.
       ClCompile:
         All outputs are up-to-date.
       Lib:
         c:\Program Files\Microsoft Visual Studio 10.0\VC\bin\x86_amd64\Lib.exe /OUT:"C:\Users\Pedro\Documents\GitHub\libfacerec\libfacerec\x64\Release\libfacerec.lib" /NOLOGO /LTCG x64\Release\colormap.obj
         x64\Release\decomposition.obj
         x64\Release\facerec.obj
         x64\Release\helper.obj
         x64\Release\lbp.obj
         x64\Release\main.obj
         libfacerec.vcxproj -> C:\Users\Pedro\Documents\GitHub\libfacerec\libfacerec\x64\Release\libfacerec.lib
       FinalizeBuildStatus:
         Deleting file "x64\Release\libfacerec.unsuccessfulbuild".
         Touching "x64\Release\libfacerec.lastbuildstate".
     1>Done Building Project "C:\Users\Pedro\Documents\GitHub\libfacerec\libfacerec\libfacerec\libfacerec.vcxproj" (build target(s)).

Build succeeded.

Time Elapsed 00:00:00.76
